<?xml version="1.0" encoding="UTF-8"?>
<testng-results ignored="0" total="1" passed="1" failed="0" skipped="0">
  <reporter-output>
  </reporter-output>
  <suite started-at="2023-09-20T18:28:28 IST" name="Default suite" finished-at="2023-09-20T18:28:31 IST" duration-ms="2163">
    <groups>
    </groups>
    <test started-at="2023-09-20T18:28:28 IST" name="Default test" finished-at="2023-09-20T18:28:31 IST" duration-ms="2163">
      <class name="org.test.rest.assured.apis.testings.Demo">
        <test-method signature="performVariousOperations()[pri:0, instance:org.test.rest.assured.apis.testings.Demo@479d31f3]" started-at="2023-09-20T18:28:28 IST" name="performVariousOperations" finished-at="2023-09-20T18:28:31 IST" duration-ms="2110" status="PASS">
          <reporter-output>
          </reporter-output>
        </test-method> <!-- performVariousOperations -->
      </class> <!-- org.test.rest.assured.apis.testings.Demo -->
    </test> <!-- Default test -->
  </suite> <!-- Default suite -->
</testng-results>
